<?xml version="1.0" encoding="UTF-8"?>
<testsuite name="com.north.springboot3_4.MemberServiceTest" tests="2" skipped="0" failures="0" errors="0" timestamp="2025-06-13T09:07:48.889Z" hostname="MacBook-Pros-Nooknook.local" time="0.14">
  <properties/>
  <testcase name="updateMember_shouldUpdateMemberModel()" classname="com.north.springboot3_4.MemberServiceTest" time="0.136"/>
  <testcase name="getMemberByMobile_shouldHasMemberModel()" classname="com.north.springboot3_4.MemberServiceTest" time="0.004"/>
  <system-out><![CDATA[]]></system-out>
  <system-err><![CDATA[]]></system-err>
</testsuite>
