<?xml version="1.0" encoding="UTF-8"?>
<testsuite name="com.north.springboot3_4.Springboot34ApplicationTests" tests="1" skipped="0" failures="0" errors="0" timestamp="2025-06-13T10:15:57.963Z" hostname="MacBook-Pros-Nooknook.local" time="0.004">
  <properties/>
  <testcase name="contextLoads()" classname="com.north.springboot3_4.Springboot34ApplicationTests" time="0.004"/>
  <system-out><![CDATA[2025-06-13T17:15:57.580+07:00  INFO 82233 --- [springboot3_4] [    Test worker] t.c.s.AnnotationConfigContextLoaderUtils : Could not detect default configuration classes for test class [com.north.springboot3_4.Springboot34ApplicationTests]: Springboot34ApplicationTests does not declare any static, non-private, non-final, nested classes annotated with @Configuration.
2025-06-13T17:15:57.582+07:00  INFO 82233 --- [springboot3_4] [    Test worker] .b.t.c.SpringBootTestContextBootstrapper : Found @SpringBootConfiguration com.north.springboot3_4.Springboot34Application for test class com.north.springboot3_4.Springboot34ApplicationTests

  .   ____          _            __ _ _
 /\\ / ___'_ __ _ _(_)_ __  __ _ \ \ \ \
( ( )\___ | '_ | '_| | '_ \/ _` | \ \ \ \
 \\/  ___)| |_)| | | | | || (_| |  ) ) ) )
  '  |____| .__|_| |_|_| |_\__, | / / / /
 =========|_|==============|___/=/_/_/_/

 :: Spring Boot ::                (v3.4.6)

2025-06-13T17:15:57.602+07:00  INFO 82233 --- [springboot3_4] [    Test worker] c.n.s.Springboot34ApplicationTests       : Starting Springboot34ApplicationTests using Java 21.0.7 with PID 82233 (started by nooknook in /Users/nooknook/Documents/github/java_springboot_3_4)
2025-06-13T17:15:57.602+07:00  INFO 82233 --- [springboot3_4] [    Test worker] c.n.s.Springboot34ApplicationTests       : No active profile set, falling back to 1 default profile: "default"
2025-06-13T17:15:57.743+07:00  INFO 82233 --- [springboot3_4] [    Test worker] .s.d.r.c.RepositoryConfigurationDelegate : Bootstrapping Spring Data JPA repositories in DEFAULT mode.
2025-06-13T17:15:57.747+07:00  INFO 82233 --- [springboot3_4] [    Test worker] .s.d.r.c.RepositoryConfigurationDelegate : Finished Spring Data repository scanning in 3 ms. Found 1 JPA repository interface.
2025-06-13T17:15:57.788+07:00  INFO 82233 --- [springboot3_4] [    Test worker] com.zaxxer.hikari.HikariDataSource       : HikariPool-2 - Starting...
2025-06-13T17:15:57.789+07:00  INFO 82233 --- [springboot3_4] [    Test worker] com.zaxxer.hikari.pool.HikariPool        : HikariPool-2 - Added connection conn10: url=jdbc:h2:mem:d06fc6e2-e602-49c1-8f25-bf61dd8a2b8e user=SA
2025-06-13T17:15:57.790+07:00  INFO 82233 --- [springboot3_4] [    Test worker] com.zaxxer.hikari.HikariDataSource       : HikariPool-2 - Start completed.
2025-06-13T17:15:57.790+07:00  INFO 82233 --- [springboot3_4] [    Test worker] o.hibernate.jpa.internal.util.LogHelper  : HHH000204: Processing PersistenceUnitInfo [name: default]
2025-06-13T17:15:57.792+07:00  INFO 82233 --- [springboot3_4] [    Test worker] o.h.c.internal.RegionFactoryInitiator    : HHH000026: Second-level cache disabled
2025-06-13T17:15:57.797+07:00  INFO 82233 --- [springboot3_4] [    Test worker] o.s.o.j.p.SpringPersistenceUnitInfo      : No LoadTimeWeaver setup: ignoring JPA class transformer
2025-06-13T17:15:57.797+07:00  INFO 82233 --- [springboot3_4] [    Test worker] org.hibernate.orm.connections.pooling    : HHH10001005: Database info:
	Database JDBC URL [Connecting through datasource 'HikariDataSource (HikariPool-2)']
	Database driver: undefined/unknown
	Database version: 2.3.232
	Autocommit mode: undefined/unknown
	Isolation level: undefined/unknown
	Minimum pool size: undefined/unknown
	Maximum pool size: undefined/unknown
2025-06-13T17:15:57.806+07:00  INFO 82233 --- [springboot3_4] [    Test worker] o.h.e.t.j.p.i.JtaPlatformInitiator       : HHH000489: No JTA platform available (set 'hibernate.transaction.jta.platform' to enable JTA platform integration)
2025-06-13T17:15:57.808+07:00  INFO 82233 --- [springboot3_4] [    Test worker] j.LocalContainerEntityManagerFactoryBean : Initialized JPA EntityManagerFactory for persistence unit 'default'
2025-06-13T17:15:57.851+07:00  WARN 82233 --- [springboot3_4] [    Test worker] JpaBaseConfiguration$JpaWebConfiguration : spring.jpa.open-in-view is enabled by default. Therefore, database queries may be performed during view rendering. Explicitly configure spring.jpa.open-in-view to disable this warning
2025-06-13T17:15:57.862+07:00  INFO 82233 --- [springboot3_4] [    Test worker] o.s.v.b.OptionalValidatorFactoryBean     : Failed to set up a Bean Validation provider: jakarta.validation.NoProviderFoundException: Unable to create a Configuration, because no Jakarta Bean Validation provider could be found. Add a provider like Hibernate Validator (RI) to your classpath.
2025-06-13T17:15:57.948+07:00  INFO 82233 --- [springboot3_4] [    Test worker] o.s.b.a.e.web.EndpointLinksResolver      : Exposing 1 endpoint beneath base path '/actuator'
2025-06-13T17:15:57.963+07:00  INFO 82233 --- [springboot3_4] [    Test worker] c.n.s.Springboot34ApplicationTests       : Started Springboot34ApplicationTests in 0.379 seconds (process running for 3.025)
]]></system-out>
  <system-err><![CDATA[]]></system-err>
</testsuite>
