<?xml version="1.0" encoding="UTF-8"?>
<testsuite name="com.north.springboot3_4.MemberServiceTest" tests="3" skipped="0" failures="0" errors="0" timestamp="2025-06-13T10:15:57.434Z" hostname="MacBook-Pros-Nooknook.local" time="0.143">
  <properties/>
  <testcase name="updateMember_shouldUpdateMemberModel()" classname="com.north.springboot3_4.MemberServiceTest" time="0.136"/>
  <testcase name="deleteMember_shouldDeleteMemberModel()" classname="com.north.springboot3_4.MemberServiceTest" time="0.004"/>
  <testcase name="getMemberByMobile_shouldHasMemberModel()" classname="com.north.springboot3_4.MemberServiceTest" time="0.002"/>
  <system-out><![CDATA[]]></system-out>
  <system-err><![CDATA[]]></system-err>
</testsuite>
